<?xml version="1.0" encoding="UTF-8"?>
<testsuite name="DiffTest" tests="7" skipped="0" failures="0" errors="0" timestamp="2023-07-12T12:46:44" hostname="LAPTOP-I4ECEIM6" time="3.533">
  <properties/>
  <testcase name="testDifferJsonPlain()" classname="DiffTest" time="2.073"/>
  <testcase name="testDefaultStylish()" classname="DiffTest" time="0.377"/>
  <testcase name="testDifferYamlStylish()" classname="DiffTest" time="0.049"/>
  <testcase name="testDifferJsonJson()" classname="DiffTest" time="0.538"/>
  <testcase name="testDifferYamlJson()" classname="DiffTest" time="0.121"/>
  <testcase name="testDifferJsonStylish()" classname="DiffTest" time="0.047"/>
  <testcase name="testDifferYamlPlain()" classname="DiffTest" time="0.163"/>
  <system-out><![CDATA[]]></system-out>
  <system-err><![CDATA[]]></system-err>
</testsuite>
