<?xml version="1.0" encoding="UTF-8"?>
<testsuite name="DiffTest" tests="6" skipped="0" failures="0" errors="0" timestamp="2023-07-11T12:08:56" hostname="LAPTOP-I4ECEIM6" time="1.141">
  <properties/>
  <testcase name="testDifferJsonPlain()" classname="DiffTest" time="0.974"/>
  <testcase name="testDifferYamlStylish()" classname="DiffTest" time="0.079"/>
  <testcase name="testDifferJsonJson()" classname="DiffTest" time="0.046"/>
  <testcase name="testDifferYamlJson()" classname="DiffTest" time="0.008"/>
  <testcase name="testDifferJsonStylish()" classname="DiffTest" time="0.005"/>
  <testcase name="testDifferYamlPlain()" classname="DiffTest" time="0.008"/>
  <system-out><![CDATA[]]></system-out>
  <system-err><![CDATA[]]></system-err>
</testsuite>
