<?xml version="1.0" encoding="UTF-8"?>
<testsuite name="DiffTest" tests="7" skipped="0" failures="0" errors="0" timestamp="2023-07-12T12:21:07" hostname="LAPTOP-I4ECEIM6" time="2.821">
  <properties/>
  <testcase name="testDifferJsonPlain()" classname="DiffTest" time="1.943"/>
  <testcase name="testDefaultStylish()" classname="DiffTest" time="0.32"/>
  <testcase name="testDifferYamlStylish()" classname="DiffTest" time="0.028"/>
  <testcase name="testDifferJsonJson()" classname="DiffTest" time="0.452"/>
  <testcase name="testDifferYamlJson()" classname="DiffTest" time="0.022"/>
  <testcase name="testDifferJsonStylish()" classname="DiffTest" time="0.017"/>
  <testcase name="testDifferYamlPlain()" classname="DiffTest" time="0.005"/>
  <system-out><![CDATA[]]></system-out>
  <system-err><![CDATA[]]></system-err>
</testsuite>
