<?xml version="1.0" encoding="UTF-8"?>
<testsuite name="DiffTest" tests="3" skipped="0" failures="0" errors="0" timestamp="2023-06-27T19:21:24" hostname="LAPTOP-I4ECEIM6" time="2.511">
  <properties/>
  <testcase name="testDifferJson()" classname="DiffTest" time="2.323"/>
  <testcase name="testDifferYaml()" classname="DiffTest" time="0.126"/>
  <testcase name="testDifferYamlNested()" classname="DiffTest" time="0.048"/>
  <system-out><![CDATA[{
  - follow: false
    host: hexlet.io
  - proxy: 123.234.53.22
  - timeout: 50
  + timeout: 20
  + verbose: true
}
{
  - follow: false
    host: hexlet.io
  - proxy: 123.234.53.22
  - timeout: 50
  + timeout: 20
  + verbose: true
}
{
    chars1: [a, b, c]
  - chars2: [d, e, f]
  + chars2: false
  - checked: false
  + checked: true
  - default: null
  + default: [value1, value2]
  - id: 45
  + id: null
  - key1: value1
  + key2: value2
    numbers1: [1, 2, 3, 4]
  - numbers2: [2, 3, 4, 5]
  + numbers2: [22, 33, 44, 55]
  - numbers3: [3, 4, 5]
  + numbers4: [4, 5, 6]
  + obj1: {nestedKey=value, isNested=true}
  - setting1: Some value
  + setting1: Another value
  - setting2: 200
  + setting2: 300
  - setting3: true
  + setting3: none
}
]]></system-out>
  <system-err><![CDATA[]]></system-err>
</testsuite>
