<?xml version="1.0" encoding="UTF-8"?>
<testsuite name="DiffTest" tests="6" skipped="0" failures="0" errors="0" timestamp="2023-07-05T20:04:01" hostname="LAPTOP-I4ECEIM6" time="6.511">
  <properties/>
  <testcase name="testDifferJsonPlain()" classname="DiffTest" time="4.85"/>
  <testcase name="testDifferYamlStylish()" classname="DiffTest" time="1.36"/>
  <testcase name="testDifferJsonJson()" classname="DiffTest" time="0.164"/>
  <testcase name="testDifferYamlJson()" classname="DiffTest" time="0.021"/>
  <testcase name="testDifferJsonStylish()" classname="DiffTest" time="0.022"/>
  <testcase name="testDifferYamlPlain()" classname="DiffTest" time="0.026"/>
  <system-out><![CDATA[]]></system-out>
  <system-err><![CDATA[]]></system-err>
</testsuite>
