<?xml version="1.0" encoding="UTF-8"?>
<testsuite name="DiffTest" tests="6" skipped="0" failures="0" errors="0" timestamp="2023-07-11T12:46:39" hostname="LAPTOP-I4ECEIM6" time="1.596">
  <properties/>
  <testcase name="testDifferJsonPlain()" classname="DiffTest" time="1.218"/>
  <testcase name="testDifferYamlStylish()" classname="DiffTest" time="0.2"/>
  <testcase name="testDifferJsonJson()" classname="DiffTest" time="0.058"/>
  <testcase name="testDifferYamlJson()" classname="DiffTest" time="0.02"/>
  <testcase name="testDifferJsonStylish()" classname="DiffTest" time="0.019"/>
  <testcase name="testDifferYamlPlain()" classname="DiffTest" time="0.012"/>
  <system-out><![CDATA[]]></system-out>
  <system-err><![CDATA[]]></system-err>
</testsuite>
