<?xml version="1.0" encoding="UTF-8"?>
<testsuite name="DiffTest" tests="7" skipped="0" failures="0" errors="0" timestamp="2023-07-12T15:53:23" hostname="LAPTOP-I4ECEIM6" time="2.348">
  <properties/>
  <testcase name="testDifferJsonPlain()" classname="DiffTest" time="1.921"/>
  <testcase name="testDefaultStylish()" classname="DiffTest" time="0.14"/>
  <testcase name="testDifferYamlStylish()" classname="DiffTest" time="0.018"/>
  <testcase name="testDifferJsonJson()" classname="DiffTest" time="0.171"/>
  <testcase name="testDifferYamlJson()" classname="DiffTest" time="0.007"/>
  <testcase name="testDifferJsonStylish()" classname="DiffTest" time="0.011"/>
  <testcase name="testDifferYamlPlain()" classname="DiffTest" time="0.023"/>
  <system-out><![CDATA[]]></system-out>
  <system-err><![CDATA[]]></system-err>
</testsuite>
