<?xml version="1.0" encoding="UTF-8"?>
<testsuite name="DiffTest" tests="6" skipped="0" failures="0" errors="0" timestamp="2023-07-09T15:37:55" hostname="LAPTOP-I4ECEIM6" time="4.262">
  <properties/>
  <testcase name="testDifferJsonPlain()" classname="DiffTest" time="3.682"/>
  <testcase name="testDifferYamlStylish()" classname="DiffTest" time="0.376"/>
  <testcase name="testDifferJsonJson()" classname="DiffTest" time="0.093"/>
  <testcase name="testDifferYamlJson()" classname="DiffTest" time="0.02"/>
  <testcase name="testDifferJsonStylish()" classname="DiffTest" time="0.009"/>
  <testcase name="testDifferYamlPlain()" classname="DiffTest" time="0.008"/>
  <system-out><![CDATA[]]></system-out>
  <system-err><![CDATA[]]></system-err>
</testsuite>
